2023-08-09 06:04:05,111 [ERROR] LogOutputStream:75 - [STDERR_REDIRECT] 
2023-08-09 06:04:32,252 [INFO] Activator:176 - 


2023-08-09 06:04:32,262 [INFO] Activator:177 - !SESSION log4j initialized
2023-08-09 06:04:39,034 [INFO] LogOutputStream:77 - [STDOUT_REDIRECT] 
2023-08-09 06:04:45,267 [INFO] ApplicationProperties:184 - Using Application install path: C:\ST\STM32CubeIDE_1.11.0\STM32CubeIDE\plugins\com.st.stm32cube.common.mx_6.9.1.202307191849
2023-08-09 06:04:45,295 [INFO] DbMcusXml:78 - Set database path to: C:\ST\STM32CubeIDE_1.11.0\STM32CubeIDE\plugins\com.st.stm32cube.common.mx_6.9.1.202307191849\\db\/mcu/
2023-08-09 06:04:45,297 [INFO] ApiDb:274 - Set plugin database path to: C:\ST\STM32CubeIDE_1.11.0\STM32CubeIDE\plugins\com.st.stm32cube.common.mx_6.9.1.202307191849\\db\/plugins/boardmanager/
2023-08-09 06:04:45,297 [WARN] ApiDb:259 - Overriding images path with different value:  => C:\ST\STM32CubeIDE_1.11.0\STM32CubeIDE\plugins\com.st.stm32cube.common.mx_6.9.1.202307191849\\db\/plugins/mcufinder/images/
2023-08-09 06:04:45,308 [INFO] ApiDb:250 - Set database path to: C:\Users\Dell\.stmcufinder\plugins\mcufinder//mcu/
2023-08-09 06:04:45,309 [INFO] DbMcusAds:125 - Set database path to: C:\Users\Dell\.stmcufinder\plugins\mcufinder//mcu/
2023-08-09 06:04:45,312 [INFO] CrossReferenceDbSqlite:203 - Set database path to: C:\Users\Dell\.stmcufinder\plugins\mcufinder//mcu/cs/
2023-08-09 06:04:45,460 [INFO] RulesReader:64 - Compatibility file has been processed (293 Rules)
2023-08-09 06:04:45,550 [INFO] DbMcusXml:78 - Set database path to: C:\ST\STM32CubeIDE_1.11.0\STM32CubeIDE\plugins\com.st.stm32cube.common.mx_6.9.1.202307191849\\db\/mcu/
2023-08-09 06:04:45,550 [INFO] ApiDb:274 - Set plugin database path to: C:\ST\STM32CubeIDE_1.11.0\STM32CubeIDE\plugins\com.st.stm32cube.common.mx_6.9.1.202307191849\\db\/plugins/boardmanager/
2023-08-09 06:04:45,550 [INFO] ApiDb:261 - Set plugin images path to: C:\ST\STM32CubeIDE_1.11.0\STM32CubeIDE\plugins\com.st.stm32cube.common.mx_6.9.1.202307191849\\db\/plugins/mcufinder/images/
2023-08-09 06:04:45,550 [WARN] DbFile:41 - Overriding database path with different value: C:\Users\Dell\.stmcufinder\plugins\mcufinder/ => C:\Users\Dell\.stmcufinder\plugins\mcufinder
2023-08-09 06:04:45,550 [INFO] ApiDb:250 - Set database path to: C:\Users\Dell\.stmcufinder\plugins\mcufinder//mcu/
2023-08-09 06:04:45,550 [WARN] DbFile:41 - Overriding database path with different value: C:\Users\Dell\.stmcufinder\plugins\mcufinder/ => C:\Users\Dell\.stmcufinder\plugins\mcufinder
2023-08-09 06:04:45,550 [INFO] DbMcusAds:125 - Set database path to: C:\Users\Dell\.stmcufinder\plugins\mcufinder//mcu/
2023-08-09 06:04:45,550 [WARN] DbFile:41 - Overriding database path with different value: C:\Users\Dell\.stmcufinder\plugins\mcufinder/ => C:\Users\Dell\.stmcufinder\plugins\mcufinder
2023-08-09 06:04:45,551 [WARN] DbFile:41 - Overriding database path with different value: C:\Users\Dell\.stmcufinder\plugins\mcufinder/ => C:\Users\Dell\.stmcufinder\plugins\mcufinder
2023-08-09 06:04:45,551 [INFO] CrossReferenceDbSqlite:203 - Set database path to: C:\Users\Dell\.stmcufinder\plugins\mcufinder//mcu/cs/
2023-08-09 06:04:45,628 [INFO] MainPanel:262 - HeapMemory: 268435456
2023-08-09 06:04:45,719 [INFO] DbMcusXml:78 - Set database path to: C:\ST\STM32CubeIDE_1.11.0\STM32CubeIDE\plugins\com.st.stm32cube.common.mx_6.9.1.202307191849\\db\/mcu/
2023-08-09 06:04:45,719 [INFO] ApiDb:274 - Set plugin database path to: C:\ST\STM32CubeIDE_1.11.0\STM32CubeIDE\plugins\com.st.stm32cube.common.mx_6.9.1.202307191849\\db\/plugins/boardmanager/
2023-08-09 06:04:45,719 [INFO] ApiDb:261 - Set plugin images path to: C:\ST\STM32CubeIDE_1.11.0\STM32CubeIDE\plugins\com.st.stm32cube.common.mx_6.9.1.202307191849\\db\/plugins/mcufinder/images/
2023-08-09 06:04:45,721 [WARN] DbFile:41 - Overriding database path with different value: C:\Users\Dell\.stmcufinder\plugins\mcufinder/ => C:\Users\Dell\.stmcufinder\plugins\mcufinder
2023-08-09 06:04:45,721 [INFO] ApiDb:250 - Set database path to: C:\Users\Dell\.stmcufinder\plugins\mcufinder//mcu/
2023-08-09 06:04:45,721 [WARN] DbFile:41 - Overriding database path with different value: C:\Users\Dell\.stmcufinder\plugins\mcufinder/ => C:\Users\Dell\.stmcufinder\plugins\mcufinder
2023-08-09 06:04:45,721 [INFO] DbMcusAds:125 - Set database path to: C:\Users\Dell\.stmcufinder\plugins\mcufinder//mcu/
2023-08-09 06:04:45,721 [WARN] DbFile:41 - Overriding database path with different value: C:\Users\Dell\.stmcufinder\plugins\mcufinder/ => C:\Users\Dell\.stmcufinder\plugins\mcufinder
2023-08-09 06:04:45,721 [WARN] DbFile:41 - Overriding database path with different value: C:\Users\Dell\.stmcufinder\plugins\mcufinder/ => C:\Users\Dell\.stmcufinder\plugins\mcufinder
2023-08-09 06:04:45,721 [INFO] CrossReferenceDbSqlite:203 - Set database path to: C:\Users\Dell\.stmcufinder\plugins\mcufinder//mcu/cs/
2023-08-09 06:04:45,739 [INFO] ApplicationProperties:184 - Using Application install path: C:\ST\STM32CubeIDE_1.11.0\STM32CubeIDE\plugins\com.st.stm32cube.common.mx_6.9.1.202307191849
2023-08-09 06:04:45,740 [INFO] PluginManage:196 - Search for loadable plugins [exclusion list=, ]
2023-08-09 06:04:45,741 [INFO] PluginManage:310 - Check plugin analytics
2023-08-09 06:04:50,855 [INFO] AnalyticsPlugin:253 - Accepted Software Licenses: 
2023-08-09 06:04:50,855 [INFO] AnalyticsPlugin:255 - Accepted CMSIS Pack Licenses: 
2023-08-09 06:04:50,855 [INFO] AnalyticsPlugin:257 - Accepted Firmware Licenses: 
2023-08-09 06:04:50,858 [INFO] PluginManage:359 - Loaded plugin analytics (category:tool,tabindex:-1)
2023-08-09 06:04:50,859 [INFO] PluginManage:310 - Check plugin cadmodel
2023-08-09 06:04:50,871 [INFO] CADModel:105 - Init CAD model plugin
2023-08-09 06:04:50,873 [INFO] PluginManage:359 - Loaded plugin cadmodel (category:power,tabindex:5)
2023-08-09 06:04:50,873 [INFO] PluginManage:310 - Check plugin clock
2023-08-09 06:04:50,887 [INFO] PluginManage:359 - Loaded plugin clock (category:base,tabindex:2)
2023-08-09 06:04:50,887 [INFO] PluginManage:310 - Check plugin ddr
2023-08-09 06:04:50,890 [INFO] PluginManage:359 - Loaded plugin ddr (category:tool,tabindex:6)
2023-08-09 06:04:50,890 [INFO] PluginManage:310 - Check plugin filemanager
2023-08-09 06:04:51,011 [INFO] PluginManage:359 - Loaded plugin filemanager (category:base,tabindex:10)
2023-08-09 06:04:51,013 [INFO] PluginManage:310 - Check plugin ipmanager
2023-08-09 06:04:51,019 [INFO] PluginManage:359 - Loaded plugin ipmanager (category:base,tabindex:5)
2023-08-09 06:04:51,019 [INFO] PluginManage:310 - Check plugin lpbam
2023-08-09 06:04:51,031 [INFO] PluginManage:359 - Loaded plugin lpbam (category:base,tabindex:0)
2023-08-09 06:04:51,031 [INFO] PluginManage:310 - Check plugin memorymap
2023-08-09 06:04:51,051 [INFO] PluginManage:359 - Loaded plugin memorymap (category:base,tabindex:4)
2023-08-09 06:04:51,051 [INFO] PluginManage:310 - Check plugin pinoutandconfiguration
2023-08-09 06:04:51,066 [INFO] PluginManage:359 - Loaded plugin pinoutandconfiguration (category:base,tabindex:1)
2023-08-09 06:04:51,066 [INFO] PluginManage:310 - Check plugin pinoutconfig
2023-08-09 06:04:51,162 [WARN] SupportedApi:132 - Cannot load RTOS API schema: s4s-elt-must-match.1: The content of 'definitions' must match (annotation?, (simpleType | complexType)?, (unique | key | keyref)*)). A problem was found starting at: attribute.
2023-08-09 06:04:51,301 [INFO] PluginManage:359 - Loaded plugin pinoutconfig (category:base,tabindex:0)
2023-08-09 06:04:51,301 [INFO] PluginManage:310 - Check plugin power
2023-08-09 06:04:51,318 [INFO] PluginManage:359 - Loaded plugin power (category:power,tabindex:4)
2023-08-09 06:04:51,318 [INFO] PluginManage:310 - Check plugin projectmanager
2023-08-09 06:04:51,332 [INFO] PluginManage:359 - Loaded plugin projectmanager (category:projectmanager,tabindex:3)
2023-08-09 06:04:51,332 [INFO] PluginManage:310 - Check plugin thirdparty
2023-08-09 06:04:51,558 [INFO] PluginManage:359 - Loaded plugin thirdparty (category:base,tabindex:-1)
2023-08-09 06:04:51,557 [WARN] IntegrityCheckThread:84 - waiting for thirdparty lock release [integrity check]
2023-08-09 06:04:51,558 [INFO] PluginManage:310 - Check plugin tools
2023-08-09 06:04:51,558 [INFO] IntegrityCheckThread:86 - entering critical section [integrity check]
2023-08-09 06:04:51,558 [INFO] ThirdPartyUpdaterWithRetryManager:70 - Updater plugin not ready yet. [1/15]
2023-08-09 06:04:51,586 [INFO] PluginManage:359 - Loaded plugin tools (category:base,tabindex:7)
2023-08-09 06:04:51,586 [INFO] PluginManage:310 - Check plugin tutovideos
2023-08-09 06:04:51,778 [INFO] PluginManage:359 - Loaded plugin tutovideos (category:base,tabindex:-1)
2023-08-09 06:04:51,778 [INFO] PluginManage:310 - Check plugin updater
2023-08-09 06:04:51,786 [INFO] PluginManage:359 - Loaded plugin updater (category:base,tabindex:12)
2023-08-09 06:04:51,786 [INFO] PluginManage:310 - Check plugin userauth
2023-08-09 06:04:51,792 [INFO] UserAuth:113 - Init User Auth plugin
2023-08-09 06:04:51,792 [INFO] PluginManage:359 - Loaded plugin userauth (category:base,tabindex:14)
2023-08-09 06:04:51,792 [INFO] PluginManage:283 - PluginManage : Loaded plugins [17]
2023-08-09 06:04:52,001 [INFO] PinOutPanel:1499 - setPackage(No Configuration,No Configuration)
2023-08-09 06:04:52,100 [INFO] CADModel:165 - CPN selected for project level
2023-08-09 06:04:52,100 [INFO] CADModel:114 - Register for checkConnection events
2023-08-09 06:04:52,123 [INFO] IPUIPlugin:80 - create IPUIPlugin
2023-08-09 06:04:52,123 [INFO] PluginManager:220 - loadIPPluginJar : add adc
2023-08-09 06:04:52,156 [INFO] IPUIPlugin:80 - create IPUIPlugin
2023-08-09 06:04:52,156 [INFO] PluginManager:220 - loadIPPluginJar : add aes
2023-08-09 06:04:52,189 [INFO] IPUIPlugin:80 - create IPUIPlugin
2023-08-09 06:04:52,190 [INFO] PluginManager:220 - loadIPPluginJar : add can
2023-08-09 06:04:52,207 [INFO] IPUIPlugin:80 - create IPUIPlugin
2023-08-09 06:04:52,207 [INFO] PluginManager:220 - loadIPPluginJar : add comp
2023-08-09 06:04:52,234 [INFO] IPUIPlugin:80 - create IPUIPlugin
2023-08-09 06:04:52,234 [INFO] PluginManager:220 - loadIPPluginJar : add cryp
2023-08-09 06:04:52,256 [INFO] IPUIPlugin:80 - create IPUIPlugin
2023-08-09 06:04:52,256 [INFO] PluginManager:220 - loadIPPluginJar : add dfsdm
2023-08-09 06:04:52,268 [INFO] IPUIPlugin:80 - create IPUIPlugin
2023-08-09 06:04:52,268 [INFO] PluginManager:220 - loadIPPluginJar : add dma
2023-08-09 06:04:52,302 [INFO] IPUIPlugin:80 - create IPUIPlugin
2023-08-09 06:04:52,302 [INFO] PluginManager:220 - loadIPPluginJar : add dma3
2023-08-09 06:04:52,318 [INFO] IPUIPlugin:80 - create IPUIPlugin
2023-08-09 06:04:52,318 [INFO] PluginManager:220 - loadIPPluginJar : add fatfs
2023-08-09 06:04:52,355 [INFO] IPUIPlugin:80 - create IPUIPlugin
2023-08-09 06:04:52,355 [INFO] PluginManager:220 - loadIPPluginJar : add fmc
2023-08-09 06:04:52,367 [INFO] IPUIPlugin:80 - create IPUIPlugin
2023-08-09 06:04:52,367 [INFO] PluginManager:220 - loadIPPluginJar : add freertos
2023-08-09 06:04:52,384 [INFO] IPUIPlugin:80 - create IPUIPlugin
2023-08-09 06:04:52,384 [INFO] PluginManager:220 - loadIPPluginJar : add genericplugin
2023-08-09 06:04:52,462 [INFO] IPUIPlugin:80 - create IPUIPlugin
2023-08-09 06:04:52,462 [INFO] PluginManager:220 - loadIPPluginJar : add gfxmmu
2023-08-09 06:04:52,559 [INFO] IPUIPlugin:80 - create IPUIPlugin
2023-08-09 06:04:52,559 [INFO] PluginManager:220 - loadIPPluginJar : add gic
2023-08-09 06:04:52,568 [INFO] IPUIPlugin:80 - create IPUIPlugin
2023-08-09 06:04:52,569 [INFO] PluginManager:220 - loadIPPluginJar : add gpio
2023-08-09 06:04:52,641 [INFO] IPUIPlugin:80 - create IPUIPlugin
2023-08-09 06:04:52,641 [INFO] PluginManager:220 - loadIPPluginJar : add gtzc
2023-08-09 06:04:52,666 [INFO] IPUIPlugin:80 - create IPUIPlugin
2023-08-09 06:04:52,666 [INFO] PluginManager:220 - loadIPPluginJar : add hash
2023-08-09 06:04:52,706 [INFO] IPUIPlugin:80 - create IPUIPlugin
2023-08-09 06:04:52,706 [INFO] PluginManager:220 - loadIPPluginJar : add i2c
2023-08-09 06:04:52,737 [INFO] IPUIPlugin:80 - create IPUIPlugin
2023-08-09 06:04:52,737 [INFO] PluginManager:220 - loadIPPluginJar : add i2s
2023-08-09 06:04:52,769 [INFO] IPUIPlugin:80 - create IPUIPlugin
2023-08-09 06:04:52,769 [INFO] PluginManager:220 - loadIPPluginJar : add i3c
2023-08-09 06:04:52,853 [INFO] IPUIPlugin:80 - create IPUIPlugin
2023-08-09 06:04:52,853 [INFO] PluginManager:220 - loadIPPluginJar : add ipddr
2023-08-09 06:04:52,926 [INFO] IPUIPlugin:80 - create IPUIPlugin
2023-08-09 06:04:52,926 [INFO] PluginManager:220 - loadIPPluginJar : add linkedlist
2023-08-09 06:04:52,952 [INFO] IPUIPlugin:80 - create IPUIPlugin
2023-08-09 06:04:52,952 [INFO] PluginManager:220 - loadIPPluginJar : add lorawan
2023-08-09 06:04:52,981 [INFO] IPUIPlugin:80 - create IPUIPlugin
2023-08-09 06:04:52,981 [INFO] PluginManager:220 - loadIPPluginJar : add ltdc
2023-08-09 06:04:52,992 [INFO] IPUIPlugin:80 - create IPUIPlugin
2023-08-09 06:04:52,992 [INFO] PluginManager:220 - loadIPPluginJar : add mdma
2023-08-09 06:04:53,002 [INFO] IPUIPlugin:80 - create IPUIPlugin
2023-08-09 06:04:53,002 [INFO] PluginManager:220 - loadIPPluginJar : add nvic
2023-08-09 06:04:53,031 [INFO] IPUIPlugin:80 - create IPUIPlugin
2023-08-09 06:04:53,031 [INFO] PluginManager:220 - loadIPPluginJar : add opamp
2023-08-09 06:04:53,082 [INFO] IPUIPlugin:80 - create IPUIPlugin
2023-08-09 06:04:53,083 [INFO] PluginManager:220 - loadIPPluginJar : add openamp
2023-08-09 06:04:53,117 [INFO] IPUIPlugin:80 - create IPUIPlugin
2023-08-09 06:04:53,117 [INFO] PluginManager:220 - loadIPPluginJar : add pdm2pcm
2023-08-09 06:04:53,129 [INFO] IPUIPlugin:80 - create IPUIPlugin
2023-08-09 06:04:53,131 [INFO] PluginManager:220 - loadIPPluginJar : add plateformsettings
2023-08-09 06:04:53,148 [INFO] IPUIPlugin:80 - create IPUIPlugin
2023-08-09 06:04:53,148 [INFO] PluginManager:220 - loadIPPluginJar : add quadspi
2023-08-09 06:04:53,158 [INFO] IPUIPlugin:80 - create IPUIPlugin
2023-08-09 06:04:53,158 [INFO] PluginManager:220 - loadIPPluginJar : add resmgrutility
2023-08-09 06:04:53,199 [INFO] IPUIPlugin:80 - create IPUIPlugin
2023-08-09 06:04:53,199 [INFO] PluginManager:220 - loadIPPluginJar : add sai
2023-08-09 06:04:53,228 [INFO] IPUIPlugin:80 - create IPUIPlugin
2023-08-09 06:04:53,228 [INFO] PluginManager:220 - loadIPPluginJar : add spi
2023-08-09 06:04:53,274 [INFO] IPUIPlugin:80 - create IPUIPlugin
2023-08-09 06:04:53,274 [INFO] PluginManager:220 - loadIPPluginJar : add stm32_wpan
2023-08-09 06:04:53,290 [INFO] IPUIPlugin:80 - create IPUIPlugin
2023-08-09 06:04:53,290 [INFO] PluginManager:220 - loadIPPluginJar : add tim
2023-08-09 06:04:53,333 [INFO] IPUIPlugin:80 - create IPUIPlugin
2023-08-09 06:04:53,333 [INFO] PluginManager:220 - loadIPPluginJar : add touchsensing
2023-08-09 06:04:53,351 [INFO] IPUIPlugin:80 - create IPUIPlugin
2023-08-09 06:04:53,351 [INFO] PluginManager:220 - loadIPPluginJar : add tracer_emb
2023-08-09 06:04:53,367 [INFO] IPUIPlugin:80 - create IPUIPlugin
2023-08-09 06:04:53,367 [INFO] PluginManager:220 - loadIPPluginJar : add ts
2023-08-09 06:04:53,383 [INFO] IPUIPlugin:80 - create IPUIPlugin
2023-08-09 06:04:53,383 [INFO] PluginManager:220 - loadIPPluginJar : add tsc
2023-08-09 06:04:53,400 [INFO] IPUIPlugin:80 - create IPUIPlugin
2023-08-09 06:04:53,400 [INFO] PluginManager:220 - loadIPPluginJar : add ucpd
2023-08-09 06:04:53,434 [INFO] IPUIPlugin:80 - create IPUIPlugin
2023-08-09 06:04:53,434 [INFO] PluginManager:220 - loadIPPluginJar : add usart
2023-08-09 06:04:53,465 [INFO] IPUIPlugin:80 - create IPUIPlugin
2023-08-09 06:04:53,465 [INFO] PluginManager:220 - loadIPPluginJar : add usbx
2023-08-09 06:04:53,586 [INFO] CADModel:165 - CPN selected for project level
2023-08-09 06:04:53,586 [INFO] CADModel:114 - Register for checkConnection events
2023-08-09 06:04:53,587 [FATAL] Updater:308 - Updater called before beeing initialized
2023-08-09 06:04:53,587 [ERROR] CADModel:125 - Updater not yet initialized, retry later 
2023-08-09 06:04:53,732 [INFO] CADModel:165 - CPN selected for project level
2023-08-09 06:04:53,732 [INFO] CADModel:114 - Register for checkConnection events
2023-08-09 06:04:53,732 [FATAL] Updater:308 - Updater called before beeing initialized
2023-08-09 06:04:53,732 [ERROR] CADModel:125 - Updater not yet initialized, retry later 
2023-08-09 06:04:53,735 [FATAL] Updater:308 - Updater called before beeing initialized
2023-08-09 06:04:53,832 [FATAL] Updater:308 - Updater called before beeing initialized
2023-08-09 06:04:53,842 [INFO] DbMcusAds:53 - JSON generation date=Tue Mar 07 09:50:55 CET 2023 (1678179055114)
2023-08-09 06:04:53,842 [FATAL] Updater:308 - Updater called before beeing initialized
2023-08-09 06:04:53,909 [WARN] DetailPanel:346 - Failed to get advertising image, set to default
2023-08-09 06:04:54,018 [FATAL] Updater:308 - Updater called before beeing initialized
2023-08-09 06:04:54,020 [FATAL] Updater:308 - Updater called before beeing initialized
2023-08-09 06:04:54,020 [FATAL] Updater:308 - Updater called before beeing initialized
2023-08-09 06:04:54,020 [WARN] DetailPanel:346 - Failed to get advertising image, set to default
2023-08-09 06:04:54,021 [FATAL] Updater:308 - Updater called before beeing initialized
2023-08-09 06:04:54,071 [ERROR] Updater:1120 - MainUpdater not yet initialized. External WinMGr cannot be set.
2023-08-09 06:04:54,081 [INFO] Updater:1056 - Updater Version found : 6.9.1
2023-08-09 06:04:54,099 [INFO] ApplicationProperties:184 - Using Application install path: C:\ST\STM32CubeIDE_1.11.0\STM32CubeIDE\plugins\com.st.stm32cube.common.mx_6.9.1.202307191849
2023-08-09 06:04:54,418 [INFO] MainUpdater:2868 - connection check result : 10
2023-08-09 06:04:54,419 [INFO] MainUpdater:285 - Updater Check For Update Now.
2023-08-09 06:04:54,419 [INFO] MicroXplorer:498 - Change Database Version : DB.6.0.91
2023-08-09 06:04:54,436 [INFO] McuFinderGlobals:63 - Set McuFinder mode to 2 (CubeIDE integrated)
2023-08-09 06:04:54,437 [INFO] UserAuth:179 - activating auth plugin
2023-08-09 06:04:54,438 [INFO] UserAuth:393 - Internet connection configuration mode: 1
2023-08-09 06:04:54,467 [INFO] JxBrowserEngine:151 - Initiate JxBrowser Engine with user profile folder
2023-08-09 06:04:54,562 [WARN] MainUpdater:1189 - Updater busy. Cannot search thirdparties
2023-08-09 06:04:54,562 [INFO] ThirdPartyUpdaterWithRetryManager:96 - Updater plugin is busy. [1/15]
2023-08-09 06:04:54,599 [INFO] CheckServerUpdateThread:120 - End of CheckServer Thread
2023-08-09 06:04:56,634 [INFO] WebApp:157 - Instantiating new browser for Auth
2023-08-09 06:04:57,207 [INFO] WebApp:753 - Register for checkConnection events
2023-08-09 06:04:57,208 [INFO] WebApp:390 - Apply proxy settings
2023-08-09 06:04:57,208 [INFO] WebApp:475 - Chromium requires no authentication
2023-08-09 06:04:57,216 [INFO] WebApp:418 - Direct internet connection detected
2023-08-09 06:04:57,384 [INFO] WebApp:188 - Starting web application
2023-08-09 06:04:57,385 [INFO] WebApp:520 - Web application path used C:\ST\STM32CubeIDE_1.11.0\STM32CubeIDE\plugins\com.st.stm32cube.common.mx_6.9.1.202307191849\db\plugins\mcufinder\reactClient1\index.html
2023-08-09 06:04:57,748 [WARN] PackLoader:240 - Cannot read IP mode file for STMicroelectronics.X-CUBE-SMBUS.2.1.0
2023-08-09 06:04:57,797 [WARN] PackLoader:240 - Cannot read IP mode file for STMicroelectronics.X-CUBE-AZRTOS-F7.1.1.0
2023-08-09 06:04:57,817 [ERROR] RealEvaluatedCondition:428 - Found unsupported composite condition: CLASS='Data Exchange' GROUP='STM32_MetaDataManager'
2023-08-09 06:04:57,817 [ERROR] RealEvaluatedCondition:428 - Found unsupported composite condition: GROUP='STM32_MetaDataManager' CLASS='Data Exchange'
2023-08-09 06:04:57,818 [WARN] PackLoader:240 - Cannot read IP mode file for STMicroelectronics.FP-SNS-MOTENV1.4.3.0
2023-08-09 06:04:57,835 [WARN] PackLoader:240 - Cannot read IP mode file for STMicroelectronics.FP-SNS-MOTENV1.4.3.2
2023-08-09 06:04:57,846 [WARN] PackLoader:240 - Cannot read IP mode file for STMicroelectronics.FP-SNS-FLIGHT1.5.0.0
2023-08-09 06:04:57,858 [ERROR] RealEvaluatedCondition:428 - Found unsupported composite condition: GROUP='STM32_MetaDataManager' CLASS='Data Exchange'
2023-08-09 06:04:57,859 [ERROR] RealEvaluatedCondition:428 - Found unsupported composite condition: GROUP='STM32_MetaDataManager' CLASS='Data Exchange'
2023-08-09 06:04:57,861 [WARN] PackLoader:240 - Cannot read IP mode file for STMicroelectronics.FP-SNS-MOTENV1.4.3.1
2023-08-09 06:04:57,874 [WARN] PackLoader:240 - Cannot read IP mode file for STMicroelectronics.FP-SNS-FLIGHT1.5.0.1
2023-08-09 06:04:57,891 [WARN] PackLoader:240 - Cannot read IP mode file for STMicroelectronics.X-CUBE-BLE1.6.2.4
2023-08-09 06:04:57,902 [WARN] PackLoader:240 - Cannot read IP mode file for STMicroelectronics.FP-SNS-FLIGHT1.5.0.2
2023-08-09 06:04:57,920 [WARN] PackLoader:240 - Cannot read IP mode file for STMicroelectronics.X-CUBE-DISPLAY.3.0.0
2023-08-09 06:04:57,939 [WARN] PackLoader:240 - Cannot read IP mode file for STMicroelectronics.X-CUBE-TOUCHGFX.4.22.0
2023-08-09 06:04:57,970 [INFO] LogOutputStream:77 - [STDOUT_REDIRECT] 1 : Invalid condition id : UX_CORESTACK_Condition cause : null
2023-08-09 06:04:57,971 [INFO] LogOutputStream:77 - [STDOUT_REDIRECT] 1 : Invalid condition id : UX_CORESTACK_Condition cause : null
2023-08-09 06:04:57,973 [INFO] LogOutputStream:77 - [STDOUT_REDIRECT] 1 : Invalid condition id : UX_CORESTACK_Condition cause : null
2023-08-09 06:04:57,975 [INFO] LogOutputStream:77 - [STDOUT_REDIRECT] 1 : Invalid condition id : UX_CORESTACK_Condition cause : null
2023-08-09 06:04:57,977 [INFO] LogOutputStream:77 - [STDOUT_REDIRECT] 1 : Invalid condition id : UX_CORESTACK_Condition cause : null
2023-08-09 06:04:57,984 [WARN] PackLoader:240 - Cannot read IP mode file for STMicroelectronics.X-CUBE-AZRTOS-WL.2.0.0
2023-08-09 06:04:58,008 [WARN] PackLoader:240 - Cannot read IP mode file for WES.I-CUBE-Cesium.1.3.0
2023-08-09 06:04:58,022 [WARN] PackLoader:240 - Cannot read IP mode file for STMicroelectronics.X-CUBE-BLE2.3.3.0
2023-08-09 06:04:58,046 [WARN] PackLoader:240 - Cannot read IP mode file for STMicroelectronics.X-CUBE-DISPLAY.2.2.0
2023-08-09 06:04:58,084 [WARN] PackLoader:240 - Cannot read IP mode file for STMicroelectronics.X-CUBE-TOF1.3.2.0
2023-08-09 06:04:58,104 [WARN] PackLoader:240 - Cannot read IP mode file for STMicroelectronics.X-CUBE-TOUCHGFX.4.21.1
2023-08-09 06:04:58,118 [WARN] PackLoader:240 - Cannot read IP mode file for STMicroelectronics.X-CUBE-TOUCHGFX.4.21.0
2023-08-09 06:04:58,129 [WARN] PackLoader:240 - Cannot read IP mode file for STMicroelectronics.X-CUBE-TOUCHGFX.4.21.3
2023-08-09 06:04:58,140 [WARN] PackLoader:240 - Cannot read IP mode file for STMicroelectronics.X-CUBE-TOUCHGFX.4.21.4
2023-08-09 06:04:58,192 [WARN] PackLoader:240 - Cannot read IP mode file for STMicroelectronics.X-CUBE-MEMS1.9.4.0
2023-08-09 06:04:58,328 [WARN] PackLoader:240 - Cannot read IP mode file for STMicroelectronics.X-CUBE-AI.7.3.0
2023-08-09 06:04:58,339 [WARN] PackLoader:240 - Cannot read IP mode file for STMicroelectronics.X-CUBE-ALGOBUILD.1.3.0
2023-08-09 06:04:58,365 [WARN] PackLoader:240 - Cannot read IP mode file for STMicroelectronics.X-CUBE-AZRTOS-G0.1.1.0
2023-08-09 06:04:58,376 [WARN] PackLoader:240 - Cannot read IP mode file for STMicroelectronics.X-CUBE-NFC4.3.0.0
2023-08-09 06:04:58,397 [WARN] PackLoader:240 - Cannot read IP mode file for STMicroelectronics.X-CUBE-BLEMGR.1.3.0
2023-08-09 06:04:58,409 [WARN] PackLoader:240 - Cannot read IP mode file for STMicroelectronics.FP-ATR-SIGFOX1.3.2.0
2023-08-09 06:04:58,459 [WARN] PackLoader:240 - Cannot read IP mode file for STMicroelectronics.X-CUBE-MEMS1.9.5.0
2023-08-09 06:04:58,613 [WARN] PackLoader:240 - Cannot read IP mode file for SEGGER.I-CUBE-embOS.1.3.1
2023-08-09 06:04:58,676 [WARN] PackLoader:240 - Cannot read IP mode file for SEGGER.I-CUBE-embOS.1.3.0
2023-08-09 06:04:58,713 [WARN] PackLoader:240 - Cannot read IP mode file for STMicroelectronics.X-CUBE-GNSS1.6.0.0
2023-08-09 06:04:58,738 [WARN] PackLoader:240 - Cannot read IP mode file for STMicroelectronics.X-CUBE-AZRTOS-F4.1.1.0
2023-08-09 06:04:58,789 [WARN] PackLoader:240 - Cannot read IP mode file for STMicroelectronics.X-CUBE-MEMS1.9.6.0
2023-08-09 06:04:58,909 [WARN] PackLoader:240 - Cannot read IP mode file for emotas.I-CUBE-CANOPEN.1.1.3
2023-08-09 06:04:58,921 [WARN] PackLoader:240 - Cannot read IP mode file for STMicroelectronics.X-CUBE-BLEMGR.2.0.0
2023-08-09 06:04:58,932 [WARN] PackLoader:240 - Cannot read IP mode file for STMicroelectronics.X-CUBE-NFC4.2.0.5
2023-08-09 06:04:58,959 [WARN] ConditionMgr:438 - getConditionDescription Invalid condition id : UX DEVICE CLASS RTOS Condition cause : null
2023-08-09 06:04:58,960 [WARN] ConditionMgr:438 - getConditionDescription Invalid condition id : UX DEVICE CLASS RTOS Condition cause : null
2023-08-09 06:04:58,961 [WARN] PackLoader:240 - Cannot read IP mode file for STMicroelectronics.X-CUBE-AZRTOS-H7.3.1.0
2023-08-09 06:04:58,962 [WARN] ConditionMgr:1039 - genDependencies : Invalid condition id : UX DEVICE CLASS RTOS Condition cause : null
2023-08-09 06:04:58,962 [WARN] ConditionMgr:1039 - genDependencies : Invalid condition id : UX DEVICE CLASS RTOS Condition cause : null
2023-08-09 06:04:58,963 [WARN] ConditionMgr:1039 - genDependencies : Invalid condition id : UX DEVICE CLASS RTOS Condition cause : null
2023-08-09 06:04:58,964 [WARN] ConditionMgr:1039 - genDependencies : Invalid condition id : UX DEVICE CLASS RTOS Condition cause : null
2023-08-09 06:04:58,964 [WARN] ConditionMgr:1039 - genDependencies : Invalid condition id : UX DEVICE CLASS RTOS Condition cause : null
2023-08-09 06:04:58,977 [WARN] PackLoader:240 - Cannot read IP mode file for wolfSSL.I-CUBE-wolfSSL.5.5.3
2023-08-09 06:04:58,987 [WARN] PackLoader:240 - Cannot read IP mode file for STMicroelectronics.X-CUBE-NFC7.1.0.1
2023-08-09 06:04:58,998 [WARN] PackLoader:240 - Cannot read IP mode file for STMicroelectronics.X-CUBE-NFC7.1.0.0
2023-08-09 06:04:59,008 [WARN] PackLoader:240 - Cannot read IP mode file for STMicroelectronics.X-CUBE-EEPRMA1.4.1.0
2023-08-09 06:04:59,018 [WARN] PackLoader:240 - Cannot read IP mode file for STMicroelectronics.X-CUBE-AI.8.1.0
2023-08-09 06:04:59,045 [WARN] ConditionMgr:438 - getConditionDescription Invalid condition id : LAN8742 Phy interface Condition cause : null
2023-08-09 06:04:59,048 [WARN] PackLoader:240 - Cannot read IP mode file for STMicroelectronics.X-CUBE-AZRTOS-L4.2.0.0
2023-08-09 06:04:59,049 [WARN] ConditionMgr:1039 - genDependencies : Invalid condition id : LAN8742 Phy interface Condition cause : null
2023-08-09 06:04:59,050 [WARN] ConditionMgr:1039 - genDependencies : Invalid condition id : LAN8742 Phy interface Condition cause : null
2023-08-09 06:04:59,050 [WARN] ConditionMgr:1039 - genDependencies : Invalid condition id : LAN8742 Phy interface Condition cause : null
2023-08-09 06:04:59,067 [WARN] PackLoader:240 - Cannot read IP mode file for STMicroelectronics.X-CUBE-SFXS2LP1.4.0.0
2023-08-09 06:04:59,108 [WARN] PackLoader:240 - Cannot read IP mode file for STMicroelectronics.X-CUBE-AZRTOS-H7.3.0.0
2023-08-09 06:04:59,125 [WARN] PackLoader:240 - Cannot read IP mode file for STMicroelectronics.X-CUBE-ISPU.1.1.0
2023-08-09 06:04:59,138 [WARN] PackLoader:240 - Cannot read IP mode file for RoweBots.I-CUBE-UNISONRTOS.5.5.0-4
2023-08-09 06:04:59,151 [WARN] PackLoader:240 - Cannot read IP mode file for STMicroelectronics.X-CUBE-AI.8.0.0
2023-08-09 06:04:59,163 [WARN] PackLoader:240 - Cannot read IP mode file for STMicroelectronics.X-CUBE-FREERTOS.1.0.0
2023-08-09 06:04:59,174 [WARN] PackLoader:240 - Cannot read IP mode file for STMicroelectronics.X-CUBE-FREERTOS.1.0.1
2023-08-09 06:04:59,196 [WARN] PackLoader:240 - Cannot read IP mode file for STMicroelectronics.X-CUBE-AZRTOS-L5.1.1.0
2023-08-09 06:04:59,206 [WARN] PackLoader:240 - Cannot read IP mode file for STMicroelectronics.X-CUBE-AI.8.0.1
2023-08-09 06:04:59,221 [WARN] PackLoader:240 - Cannot read IP mode file for STMicroelectronics.X-CUBE-SUBG2.5.0.0
2023-08-09 06:04:59,237 [WARN] PackLoader:240 - Cannot read IP mode file for STMicroelectronics.X-CUBE-TOF1.3.3.1
2023-08-09 06:04:59,264 [WARN] PackLoader:240 - Cannot read IP mode file for STMicroelectronics.X-CUBE-AZRTOS-G4.2.0.0
2023-08-09 06:04:59,282 [WARN] PackLoader:240 - Cannot read IP mode file for STMicroelectronics.X-CUBE-TOF1.3.3.0
2023-08-09 06:04:59,296 [WARN] PackLoader:240 - Cannot read IP mode file for STMicroelectronics.FP-ATR-ASTRA1.1.1.1
2023-08-09 06:04:59,315 [WARN] PackLoader:240 - Cannot read IP mode file for STMicroelectronics.X-CUBE-AZRTOS-G4.1.0.0
2023-08-09 06:04:59,338 [WARN] PackLoader:240 - Cannot read IP mode file for STMicroelectronics.X-CUBE-AZRTOS-L4.1.0.0
2023-08-09 06:04:59,356 [WARN] PackLoader:240 - Cannot read IP mode file for STMicroelectronics.X-CUBE-AZRTOS-WL.1.0.0
2023-08-09 06:04:59,368 [WARN] PackLoader:240 - Cannot read IP mode file for portGmbH.I-Cube-SoM-uGOAL.1.1.0
2023-08-09 06:04:59,378 [WARN] PackLoader:240 - Cannot read IP mode file for STMicroelectronics.X-CUBE-ALS.1.0.1
2023-08-09 06:04:59,402 [WARN] PackLoader:240 - Cannot read IP mode file for STMicroelectronics.X-CUBE-AZRTOS-WB.1.1.0
2023-08-09 06:04:59,411 [WARN] PackLoader:240 - Cannot read IP mode file for STMicroelectronics.FP-ATR-ASTRA1.2.0.0
2023-08-09 06:04:59,412 [INFO] ThirdParty:978 - Integrity check success = true
2023-08-09 06:04:59,412 [INFO] IntegrityCheckThread:100 - exiting critical section [integrity check]
2023-08-09 06:04:59,412 [INFO] IntegrityCheckThread:103 - End integrity checks thread
2023-08-09 06:05:18,302 [ERROR] LogOutputStream:75 - [STDERR_REDIRECT] SLF4J: Failed to load class "org.slf4j.impl.StaticLoggerBinder".
2023-08-09 06:05:18,302 [ERROR] LogOutputStream:75 - [STDERR_REDIRECT] SLF4J: Defaulting to no-operation (NOP) logger implementation
2023-08-09 06:05:18,302 [ERROR] LogOutputStream:75 - [STDERR_REDIRECT] SLF4J: See http://www.slf4j.org/codes.html#StaticLoggerBinder for further details.
2023-08-09 06:06:08,629 [ERROR] LogOutputStream:75 - [STDERR_REDIRECT] 
